datetime, temperature, moisture
Mon May 30 2016 14:30:48,28, 0
Mon May 30 2016 14:30:48,28, 0
Mon May 30 2016 14:30:48,28, 0
Mon May 30 2016 14:30:48,28, 0
Mon May 30 2016 14:30:48,28, 0
Mon May 30 2016 14:30:48,27, 0
Mon May 30 2016 14:30:48,27, 0
Mon May 30 2016 14:30:48,27, 0
Mon May 30 2016 14:30:48,28, 0
Mon May 30 2016 14:30:48,28, 0
Mon May 30 2016 14:30:49,28, 0
Mon May 30 2016 14:30:49,27, 0
Mon May 30 2016 14:30:49,27, 0
Mon May 30 2016 14:30:49,27, 0
Mon May 30 2016 14:30:49,27, 0
Mon May 30 2016 14:30:49,28, 0
Mon May 30 2016 14:30:49,28, 0
Mon May 30 2016 14:30:49,28, 0
Mon May 30 2016 14:30:49,28, 0
Mon May 30 2016 14:30:49,28, 0
Mon May 30 2016 14:30:49,28, 0
Mon May 30 2016 14:30:50,27, 0
Mon May 30 2016 14:30:50,27, 0
Mon May 30 2016 14:30:50,27, 0
Mon May 30 2016 14:30:50,27, 0
Mon May 30 2016 14:30:50,27, 0
Mon May 30 2016 14:30:50,27, 0
Mon May 30 2016 14:30:50,27, 0
Mon May 30 2016 14:30:50,27, 0
Mon May 30 2016 14:30:50,27, 0
Mon May 30 2016 14:30:50,27, 0
Mon May 30 2016 14:30:50,27, 0
Mon May 30 2016 14:30:50,27, 0
Mon May 30 2016 14:30:51,28, 0
Mon May 30 2016 14:30:51,28, 0
Mon May 30 2016 14:30:51,28, 0
Mon May 30 2016 14:30:51,28, 0
Mon May 30 2016 14:30:51,28, 0
Mon May 30 2016 14:30:51,28, 0
Mon May 30 2016 14:30:51,28, 0
Mon May 30 2016 14:30:51,27, 0
Mon May 30 2016 14:30:51,27, 0
Mon May 30 2016 14:30:51,27, 0
Mon May 30 2016 14:30:51,28, 0
Mon May 30 2016 14:30:51,28, 0
Mon May 30 2016 14:30:52,28, 0
Mon May 30 2016 14:30:52,28, 0
Mon May 30 2016 14:30:52,28, 0
Mon May 30 2016 14:30:52,28, 0
Mon May 30 2016 14:30:52,28, 0
Mon May 30 2016 14:30:52,28, 0
Mon May 30 2016 14:30:52,28, 0
Mon May 30 2016 14:30:52,28, 0
Mon May 30 2016 14:30:52,28, 0
Mon May 30 2016 14:30:52,28, 0
Mon May 30 2016 14:30:52,27, 0
Mon May 30 2016 14:30:53,27, 0
Mon May 30 2016 14:30:53,27, 0
Mon May 30 2016 14:30:53,27, 0
Mon May 30 2016 14:30:53,28, 0
Mon May 30 2016 14:30:53,28, 0
Mon May 30 2016 14:30:53,28, 0
Mon May 30 2016 14:30:53,28, 0
Mon May 30 2016 14:30:53,28, 0
Mon May 30 2016 14:30:53,28, 0
Mon May 30 2016 14:30:53,28, 0
Mon May 30 2016 14:30:53,28, 0
Mon May 30 2016 14:30:53,28, 0
Mon May 30 2016 14:30:54,28, 0
Mon May 30 2016 14:30:54,28, 0
Mon May 30 2016 14:30:54,28, 0
Mon May 30 2016 14:30:54,27, 0
Mon May 30 2016 14:31:01,29, 0
Mon May 30 2016 14:31:01,30, 0
Mon May 30 2016 14:31:01,30, 0
Mon May 30 2016 14:31:01,30, 0
Mon May 30 2016 14:31:02,30, 0
Mon May 30 2016 14:31:02,30, 0
Mon May 30 2016 14:31:02,30, 0
Mon May 30 2016 14:31:02,30, 0
Mon May 30 2016 14:31:02,30, 0
Mon May 30 2016 14:31:02,30, 0
Mon May 30 2016 14:31:02,30, 0
Mon May 30 2016 14:31:02,30, 0
Mon May 30 2016 14:31:02,30, 0
Mon May 30 2016 14:31:02,30, 0
Mon May 30 2016 14:31:02,30, 0
Mon May 30 2016 14:31:02,30, 0
Mon May 30 2016 14:31:03,30, 0
Mon May 30 2016 14:31:03,29, 0
Mon May 30 2016 14:31:03,29, 0
Mon May 30 2016 14:31:03,29, 0
Mon May 30 2016 14:31:03,29, 0
Mon May 30 2016 14:31:03,29, 0
Mon May 30 2016 14:31:03,29, 0
Mon May 30 2016 14:31:03,29, 0
Mon May 30 2016 14:31:03,29, 0
Mon May 30 2016 14:31:03,29, 0
Mon May 30 2016 14:31:03,29, 0
Mon May 30 2016 14:31:03,29, 0
Mon May 30 2016 14:31:04,29, 0
Mon May 30 2016 14:31:04,29, 0
Mon May 30 2016 14:31:04,29, 0
Mon May 30 2016 14:31:04,29, 0
Mon May 30 2016 14:31:04,29, 0
Mon May 30 2016 14:31:04,29, 0
Mon May 30 2016 14:31:04,29, 0
Mon May 30 2016 14:31:04,29, 0
Mon May 30 2016 14:31:04,29, 0
Mon May 30 2016 14:31:04,29, 0
Mon May 30 2016 14:31:04,29, 0
Mon May 30 2016 14:31:05,30, 0
Mon May 30 2016 14:31:05,30, 0
Mon May 30 2016 14:31:05,30, 0
Mon May 30 2016 14:31:05,29, 0
Mon May 30 2016 14:31:05,29, 0
Mon May 30 2016 14:31:05,29, 0
Mon May 30 2016 14:31:05,29, 0
Mon May 30 2016 14:31:05,29, 0
Mon May 30 2016 14:31:05,29, 0
Mon May 30 2016 14:31:05,29, 0
Mon May 30 2016 14:31:05,30, 0
Mon May 30 2016 14:31:05,30, 0
Mon May 30 2016 14:31:06,30, 0
Mon May 30 2016 14:31:06,29, 0
Mon May 30 2016 14:31:06,29, 0
Mon May 30 2016 14:31:06,29, 0
Mon May 30 2016 14:31:06,29, 0
Mon May 30 2016 14:31:06,29, 0
Mon May 30 2016 14:31:06,29, 0
Mon May 30 2016 14:31:06,30, 0
Mon May 30 2016 14:31:06,30, 0
Mon May 30 2016 14:31:06,30, 0
Mon May 30 2016 14:31:06,28, 0
Mon May 30 2016 14:31:06,28, 0
Mon May 30 2016 14:31:07,28, 0
Mon May 30 2016 14:31:07,29, 0
Mon May 30 2016 14:31:07,29, 0
Mon May 30 2016 14:31:07,29, 0
Mon May 30 2016 14:31:07,29, 0
Mon May 30 2016 14:31:07,29, 0
Mon May 30 2016 14:31:07,29, 0
Mon May 30 2016 14:31:07,29, 0
Mon May 30 2016 14:31:07,29, 0
Mon May 30 2016 14:31:07,29, 0
Mon May 30 2016 14:31:07,29, 0
Mon May 30 2016 14:31:07,28, 0
Mon May 30 2016 14:31:08,28, 0
Mon May 30 2016 14:31:08,28, 0
Mon May 30 2016 14:31:08,29, 0
Mon May 30 2016 14:31:08,29, 0
Mon May 30 2016 14:31:08,29, 0
Mon May 30 2016 14:31:08,29, 0
Mon May 30 2016 14:31:08,29, 0
Mon May 30 2016 14:31:08,29, 0
Mon May 30 2016 14:31:08,29, 0
Mon May 30 2016 14:31:08,29, 0
Mon May 30 2016 14:31:08,29, 0
Mon May 30 2016 14:31:09,29, 0
Mon May 30 2016 14:31:09,29, 0
Mon May 30 2016 14:31:09,29, 0
Mon May 30 2016 14:31:09,29, 0
Mon May 30 2016 14:31:09,28, 0
Mon May 30 2016 14:31:09,28, 0
Mon May 30 2016 14:31:09,28, 0
Mon May 30 2016 14:31:09,30, 0
Mon May 30 2016 14:31:09,30, 0
Mon May 30 2016 14:31:09,30, 0
Mon May 30 2016 14:31:09,29, 0
Mon May 30 2016 14:31:09,29, 0
Mon May 30 2016 14:31:10,29, 0
Mon May 30 2016 14:31:10,29, 0
Mon May 30 2016 14:31:10,29, 0
Mon May 30 2016 14:31:10,29, 0
Mon May 30 2016 14:31:10,29, 0
Mon May 30 2016 14:31:10,29, 0
Mon May 30 2016 14:31:10,29, 0
Mon May 30 2016 14:31:10,29, 0
Mon May 30 2016 14:31:10,29, 0
Mon May 30 2016 14:31:10,29, 0
Mon May 30 2016 14:31:10,29, 0
Mon May 30 2016 14:31:10,29, 0
Mon May 30 2016 14:31:11,29, 0
Mon May 30 2016 14:31:11,29, 0
Mon May 30 2016 14:31:11,28, 0
Mon May 30 2016 14:31:11,28, 0
Mon May 30 2016 14:31:11,28, 0
Mon May 30 2016 14:31:11,29, 0
Mon May 30 2016 14:31:11,29, 0
Mon May 30 2016 14:31:11,29, 0
Mon May 30 2016 14:31:11,29, 0
Mon May 30 2016 14:31:11,29, 0
Mon May 30 2016 14:31:11,29, 0
Mon May 30 2016 14:31:12,29, 0
Mon May 30 2016 14:31:12,29, 0
Mon May 30 2016 14:31:12,29, 0
Mon May 30 2016 14:31:12,29, 0
Mon May 30 2016 14:31:12,29, 0
Mon May 30 2016 14:31:12,29, 0
Mon May 30 2016 14:31:12,29, 0
Mon May 30 2016 14:31:12,29, 0
Mon May 30 2016 14:31:12,29, 0
Mon May 30 2016 14:31:12,28, 0
Mon May 30 2016 14:31:12,28, 0
Mon May 30 2016 14:31:12,28, 0
Mon May 30 2016 14:31:13,28, 0
Mon May 30 2016 14:31:13,29, 0
Mon May 30 2016 14:31:13,29, 0
Mon May 30 2016 14:31:13,29, 0
Mon May 30 2016 14:31:13,29, 0
Mon May 30 2016 14:31:13,29, 0
Mon May 30 2016 14:31:13,29, 0
Mon May 30 2016 14:31:13,29, 0
Mon May 30 2016 14:31:13,29, 0
Mon May 30 2016 14:31:13,29, 0
Mon May 30 2016 14:31:13,30, 0
Mon May 30 2016 14:31:13,30, 0
Mon May 30 2016 14:31:14,30, 0
Mon May 30 2016 14:31:14,29, 0
Mon May 30 2016 14:31:14,29, 0
Mon May 30 2016 14:31:14,29, 0
Mon May 30 2016 14:31:14,29, 0
Mon May 30 2016 14:31:14,29, 0
Mon May 30 2016 14:31:14,29, 0
Mon May 30 2016 14:31:14,29, 0
Mon May 30 2016 14:31:14,29, 0
Mon May 30 2016 14:31:14,29, 0
Mon May 30 2016 14:31:14,29, 0
Mon May 30 2016 14:31:14,29, 0
Mon May 30 2016 14:31:15,29, 0
Mon May 30 2016 14:31:15,29, 0
Mon May 30 2016 14:31:15,29, 0
Mon May 30 2016 14:31:15,29, 0
Mon May 30 2016 14:31:15,29, 0
Mon May 30 2016 14:31:15,29, 0
Mon May 30 2016 14:31:15,29, 0
Mon May 30 2016 14:31:15,29, 0
Mon May 30 2016 14:31:15,29, 0
Mon May 30 2016 14:31:15,29, 0
Mon May 30 2016 14:31:15,29, 0
Mon May 30 2016 14:31:16,29, 0
Mon May 30 2016 14:31:16,29, 0
Mon May 30 2016 14:31:16,29, 0
Mon May 30 2016 14:31:16,29, 0
Mon May 30 2016 14:31:16,29, 0
Mon May 30 2016 14:31:16,29, 0
Mon May 30 2016 14:31:16,29, 0
Mon May 30 2016 14:31:16,29, 0
Mon May 30 2016 14:31:16,29, 0
Mon May 30 2016 14:31:16,29, 0
Mon May 30 2016 14:31:16,29, 0
Mon May 30 2016 14:31:16,29, 0
Mon May 30 2016 14:31:17,29, 0
Mon May 30 2016 14:31:17,29, 0
Mon May 30 2016 14:31:17,29, 0
Mon May 30 2016 14:31:17,29, 0
Mon May 30 2016 14:31:17,29, 0
Mon May 30 2016 14:31:17,29, 0
Mon May 30 2016 14:31:17,29, 0
Mon May 30 2016 14:31:17,29, 0
Mon May 30 2016 14:31:17,29, 0
Mon May 30 2016 14:31:17,29, 0
Mon May 30 2016 14:31:17,29, 0
Mon May 30 2016 14:31:17,29, 0
Mon May 30 2016 14:31:18,29, 0
Mon May 30 2016 14:31:18,29, 0
Mon May 30 2016 14:31:18,29, 0
Mon May 30 2016 14:31:18,29, 0
Mon May 30 2016 14:31:18,29, 0
Mon May 30 2016 14:31:18,29, 0
Mon May 30 2016 14:31:18,29, 0
Mon May 30 2016 14:31:18,29, 0
Mon May 30 2016 14:31:18,29, 0
Mon May 30 2016 14:31:18,29, 0
Mon May 30 2016 14:31:18,29, 0
Mon May 30 2016 14:31:21,30, 0
Mon May 30 2016 14:31:21,31, 0
Mon May 30 2016 14:31:23,31, 0
Mon May 30 2016 14:31:23,31, 71.07
Mon May 30 2016 14:31:23,31, 71.07
Mon May 30 2016 14:31:23,31, 71.07
Mon May 30 2016 14:31:23,31, 71.07
Mon May 30 2016 14:31:23,31, 71.07
Mon May 30 2016 14:31:24,31, 71.07
Mon May 30 2016 14:31:24,31, 70.99
Mon May 30 2016 14:31:24,31, 71.07
Mon May 30 2016 14:31:24,31, 71.07
Mon May 30 2016 14:31:24,31, 71.07
Mon May 30 2016 14:31:24,31, 71.07
Mon May 30 2016 14:31:24,31, 71.07
Mon May 30 2016 14:31:24,31, 71.07
Mon May 30 2016 14:31:24,31, 71.07
Mon May 30 2016 14:31:24,31, 71.07
Mon May 30 2016 14:31:24,31, 71.07
Mon May 30 2016 14:31:24,31, 71.07
Mon May 30 2016 14:31:25,31, 71.07
Mon May 30 2016 14:31:25,31, 71.07
Mon May 30 2016 14:31:25,31, 71.07
Mon May 30 2016 14:31:25,31, 71.07
Mon May 30 2016 14:31:25,31, 71.07
Mon May 30 2016 14:31:25,31, 71.07
Mon May 30 2016 14:31:25,31, 71.07
Mon May 30 2016 14:31:25,31, 71.07
Mon May 30 2016 14:31:25,31, 71.07
Mon May 30 2016 14:31:25,31, 71.07
Mon May 30 2016 14:31:25,31, 71.07
Mon May 30 2016 14:31:25,31, 71.07
Mon May 30 2016 14:31:25,31, 71.07
Mon May 30 2016 14:31:26,31, 71.07
Mon May 30 2016 14:31:26,31, 71.07
Mon May 30 2016 14:31:26,31, 71.07
Mon May 30 2016 14:31:26,31, 71.07
Mon May 30 2016 14:31:26,31, 71.07
Mon May 30 2016 14:31:26,31, 71.07
Mon May 30 2016 14:31:26,31, 71.07
Mon May 30 2016 14:31:26,31, 71.07
Mon May 30 2016 14:31:26,31, 71.07
Mon May 30 2016 14:31:26,31, 71.07
Mon May 30 2016 14:31:26,31, 71.07
Mon May 30 2016 14:31:26,31, 71.07
Mon May 30 2016 14:31:27,31, 71.07
Mon May 30 2016 14:31:27,31, 70.99
Mon May 30 2016 14:31:27,31, 71.07
Mon May 30 2016 14:31:27,31, 71.07
Mon May 30 2016 14:31:27,31, 71.07
Mon May 30 2016 14:31:27,31, 71.07
Mon May 30 2016 14:31:27,31, 71.07
Mon May 30 2016 14:31:27,31, 70.99
Mon May 30 2016 14:31:27,31, 71.07
Mon May 30 2016 14:31:27,31, 71.07
Mon May 30 2016 14:31:27,31, 71.07
Mon May 30 2016 14:31:27,31, 71.07
Mon May 30 2016 14:31:28,31, 70.99
Mon May 30 2016 14:31:28,31, 71.07
Mon May 30 2016 14:31:28,31, 71.07
Mon May 30 2016 14:31:28,31, 70.99
Mon May 30 2016 14:31:28,31, 70.99
Mon May 30 2016 14:31:28,31, 71.07
Mon May 30 2016 14:31:28,31, 71.07
Mon May 30 2016 14:31:28,31, 71.07
Mon May 30 2016 14:31:28,31, 70.99
Mon May 30 2016 14:31:28,31, 71.07
Mon May 30 2016 14:31:28,31, 71.07
Mon May 30 2016 14:31:28,31, 71.07
Mon May 30 2016 14:31:29,31, 71.07
Mon May 30 2016 14:31:29,31, 71.07
Mon May 30 2016 14:31:29,31, 71.07
Mon May 30 2016 14:31:29,31, 71.07
Mon May 30 2016 14:31:29,31, 71.07
Mon May 30 2016 14:31:29,31, 71.07
Mon May 30 2016 14:31:29,31, 71.07
Mon May 30 2016 14:31:29,31, 71.07
Mon May 30 2016 14:31:29,31, 71.07
Mon May 30 2016 14:31:29,31, 71.07
Mon May 30 2016 14:31:29,31, 71.07
Mon May 30 2016 14:31:29,31, 71.07
Mon May 30 2016 14:31:30,31, 71.07
Mon May 30 2016 14:31:30,31, 71.07
Mon May 30 2016 14:31:30,31, 71.07
Mon May 30 2016 14:31:30,31, 71.07
Mon May 30 2016 14:31:30,31, 71.07
Mon May 30 2016 14:31:30,31, 71.07
Mon May 30 2016 14:31:30,31, 71.07
Mon May 30 2016 14:31:30,31, 71.07
Mon May 30 2016 14:31:30,31, 71.07
Mon May 30 2016 14:31:30,31, 70.99
Mon May 30 2016 14:31:30,31, 71.07
Mon May 30 2016 14:31:30,31, 71.07
Mon May 30 2016 14:31:31,31, 71.07
Mon May 30 2016 14:31:31,31, 71.07
Mon May 30 2016 14:31:31,31, 71.07
Mon May 30 2016 14:31:31,31, 71.07
Mon May 30 2016 14:31:31,31, 70.99
Mon May 30 2016 14:31:31,31, 70.99
Mon May 30 2016 14:31:31,31, 71.07
Mon May 30 2016 14:31:31,31, 70.99
Mon May 30 2016 14:31:31,31, 71.07
Mon May 30 2016 14:31:31,31, 71.07
Mon May 30 2016 14:31:31,31, 71.07
Mon May 30 2016 14:31:31,31, 70.99
Mon May 30 2016 14:31:31,31, 71.07
Mon May 30 2016 14:31:32,31, 71.07
Mon May 30 2016 14:31:32,31, 71.07
Mon May 30 2016 14:31:32,31, 71.07
Mon May 30 2016 14:31:32,31, 71.07
Mon May 30 2016 14:31:32,31, 71.07
Mon May 30 2016 14:31:32,31, 71.07
Mon May 30 2016 14:31:32,31, 71.07
Mon May 30 2016 14:31:32,31, 71.07
Mon May 30 2016 14:31:32,31, 71.07
Mon May 30 2016 14:31:32,31, 71.07
Mon May 30 2016 14:31:32,31, 71.07
Mon May 30 2016 14:31:32,31, 71.07
Mon May 30 2016 14:31:33,31, 71.07
Mon May 30 2016 14:31:33,31, 70.99
Mon May 30 2016 14:31:33,31, 71.07
Mon May 30 2016 14:31:33,31, 71.07
Mon May 30 2016 14:31:33,31, 71.07
Mon May 30 2016 14:31:33,31, 71.07
Mon May 30 2016 14:31:33,31, 71.07
Mon May 30 2016 14:31:33,31, 71.07
Mon May 30 2016 14:31:33,31, 71.07
Mon May 30 2016 14:31:33,31, 71.07
Mon May 30 2016 14:31:33,31, 71.07
Mon May 30 2016 14:31:33,31, 71.07
Mon May 30 2016 14:31:34,31, 71.07
Mon May 30 2016 14:31:34,31, 71.07
Mon May 30 2016 14:31:34,31, 71.07
Mon May 30 2016 14:31:34,31, 71.07
Mon May 30 2016 14:31:34,31, 70.07
Mon May 30 2016 14:31:34,31, 71.07
Mon May 30 2016 14:31:34,31, 71.07
Mon May 30 2016 14:31:34,31, 71.07
Mon May 30 2016 14:31:34,31, 71.07
Mon May 30 2016 14:31:34,31, 71.07
Mon May 30 2016 14:31:34,31, 71.07
Mon May 30 2016 14:31:34,31, 70.99
Mon May 30 2016 14:31:35,31, 70
Mon May 30 2016 14:31:35,31, 71.07
Mon May 30 2016 14:31:35,31, 71.07
Mon May 30 2016 14:31:35,31, 71.07
Mon May 30 2016 14:31:35,31, 71.07
Mon May 30 2016 14:31:35,31, 71.07
Mon May 30 2016 14:31:35,31, 71.07
Mon May 30 2016 14:31:35,31, 71.07
Mon May 30 2016 14:31:35,31, 71.07
Mon May 30 2016 14:31:35,31, 71.07
Mon May 30 2016 14:31:35,31, 71.07
Mon May 30 2016 14:31:36,31, 71.07
Mon May 30 2016 14:31:36,31, 71.07
Mon May 30 2016 14:31:36,31, 71.07
Mon May 30 2016 14:31:36,31, 71.07
Mon May 30 2016 14:31:36,31, 71.07
Mon May 30 2016 14:31:36,31, 71.07
Mon May 30 2016 14:31:36,31, 71.07
Mon May 30 2016 14:31:36,31, 71.07
Mon May 30 2016 14:31:36,31, 71.07
Mon May 30 2016 14:31:36,31, 70.99
Mon May 30 2016 14:31:36,31, 71.07
Mon May 30 2016 14:31:36,31, 71.07
Mon May 30 2016 14:31:36,31, 71.07
Mon May 30 2016 14:31:37,31, 71.07
Mon May 30 2016 14:31:37,31, 71.07
Mon May 30 2016 14:31:37,31, 71.07
Mon May 30 2016 14:31:37,31, 71.07
Mon May 30 2016 14:31:37,31, 71.07
Mon May 30 2016 14:31:37,31, 71.07
Mon May 30 2016 14:31:37,31, 71.07
Mon May 30 2016 14:31:37,31, 71.07
Mon May 30 2016 14:31:37,31, 71.07
Mon May 30 2016 14:31:37,31, 71.07
Mon May 30 2016 14:31:37,31, 71.07
Mon May 30 2016 14:31:37,31, 71.07
Mon May 30 2016 14:31:38,31, 71.07
Mon May 30 2016 14:31:38,31, 71.07
Mon May 30 2016 14:31:38,31, 70.99
Mon May 30 2016 14:31:38,31, 71.07
Mon May 30 2016 14:31:38,31, 71.07
Mon May 30 2016 14:31:38,31, 71.07
Mon May 30 2016 14:31:38,31, 71.07
Mon May 30 2016 14:31:38,31, 71.07
Mon May 30 2016 14:31:38,31, 71.07
Mon May 30 2016 14:31:38,31, 71.07
Mon May 30 2016 14:31:38,31, 71.07
Mon May 30 2016 14:31:38,31, 71.07
Mon May 30 2016 14:31:39,31, 71.07
Mon May 30 2016 14:31:39,31, 70.99
Mon May 30 2016 14:31:39,31, 71.07
Mon May 30 2016 14:31:39,31, 71.07
Mon May 30 2016 14:31:39,31, 70.99
Mon May 30 2016 14:31:39,31, 71.07
Mon May 30 2016 14:31:39,31, 71.07
Mon May 30 2016 14:31:39,31, 71.07
Mon May 30 2016 14:31:39,31, 71.07
Mon May 30 2016 14:31:39,31, 71.07
Mon May 30 2016 14:31:39,31, 71.07
Mon May 30 2016 14:31:40,31, 70
Mon May 30 2016 14:31:40,31, 71.07
Mon May 30 2016 14:31:40,31, 71.07
Mon May 30 2016 14:31:40,31, 71.07
Mon May 30 2016 14:31:40,31, 71.07
Mon May 30 2016 14:31:40,31, 71.07
Mon May 30 2016 14:31:40,31, 71.07
Mon May 30 2016 14:31:40,31, 71.07
Mon May 30 2016 14:31:40,31, 71.07
Mon May 30 2016 14:31:40,31, 71.07
Mon May 30 2016 14:31:40,31, 71.07
Mon May 30 2016 14:31:41,31, 71.07
Mon May 30 2016 14:31:41,31, 71.07
Mon May 30 2016 14:31:41,31, 71.07
Mon May 30 2016 14:31:41,31, 71.07
Mon May 30 2016 14:31:41,31, 71.07
Mon May 30 2016 14:31:41,31, 71.07
Mon May 30 2016 14:31:41,31, 71.07
Mon May 30 2016 14:31:41,31, 71.07
Mon May 30 2016 14:31:41,31, 71.07
Mon May 30 2016 14:31:41,31, 71.07
Mon May 30 2016 14:31:41,31, 71.07
Mon May 30 2016 14:31:41,31, 71.07
Mon May 30 2016 14:31:42,31, 70.99
Mon May 30 2016 14:31:42,31, 71.07
Mon May 30 2016 14:31:42,31, 71.07
Mon May 30 2016 14:31:42,31, 71.07
Mon May 30 2016 14:31:42,31, 71.07
Mon May 30 2016 14:31:42,31, 71.07
Mon May 30 2016 14:31:42,31, 71.07
Mon May 30 2016 14:31:42,31, 71.07
Mon May 30 2016 14:31:42,31, 70.99
Mon May 30 2016 14:31:42,31, 71.07
Mon May 30 2016 14:31:42,31, 71.07
Mon May 30 2016 14:31:42,31, 71.07
Mon May 30 2016 14:31:42,31, 71.07
Mon May 30 2016 14:31:43,31, 71.07
Mon May 30 2016 14:31:43,31, 71.07
Mon May 30 2016 14:31:43,31, 71.07
Mon May 30 2016 14:31:43,31, 70.99
Mon May 30 2016 14:31:43,31, 70.99
Mon May 30 2016 14:31:43,31, 71.07
Mon May 30 2016 14:31:43,31, 71.07
Mon May 30 2016 14:31:43,31, 70.99
Mon May 30 2016 14:31:43,31, 71.07
Mon May 30 2016 14:31:43,31, 71.07
Mon May 30 2016 14:31:43,31, 71.07
Mon May 30 2016 14:31:43,31, 71.07
Mon May 30 2016 14:31:44,31, 71.07
Mon May 30 2016 14:31:44,31, 71.07
Mon May 30 2016 14:31:45,31, 7
Mon May 30 2016 14:31:45,28, 7
Mon May 30 2016 14:31:45,28, 7
Mon May 30 2016 14:31:45,28, 7
Mon May 30 2016 14:31:45,28, 7
Mon May 30 2016 14:31:45,28, 7
Mon May 30 2016 14:31:45,28, 7
Mon May 30 2016 14:31:45,28, 7
Mon May 30 2016 14:31:46,28, 7
Mon May 30 2016 14:31:46,28, 7
Mon May 30 2016 14:31:46,28, 7
Mon May 30 2016 14:31:46,28, 7
Mon May 30 2016 14:31:46,28, 7
Mon May 30 2016 14:31:46,28, 7
Mon May 30 2016 14:31:46,28, 7
Mon May 30 2016 14:31:46,28, 7
Mon May 30 2016 14:31:46,28, 7
Mon May 30 2016 14:31:46,28, 7
Mon May 30 2016 14:31:46,28, 7
Mon May 30 2016 14:31:46,28, 7
Mon May 30 2016 14:31:47,28, 7
Mon May 30 2016 14:31:47,28, 7
Mon May 30 2016 14:31:47,28, 7
Mon May 30 2016 14:31:47,28, 7
Mon May 30 2016 14:31:47,28, 7
Mon May 30 2016 14:31:47,28, 7
Mon May 30 2016 14:31:47,28, 7
Mon May 30 2016 14:31:47,28, 7
Mon May 30 2016 14:31:47,29, 7
Mon May 30 2016 14:31:47,29, 7
Mon May 30 2016 14:31:47,29, 7
Mon May 30 2016 14:31:47,28, 7
Mon May 30 2016 14:31:48,28, 7
Mon May 30 2016 14:31:48,28, 7
Mon May 30 2016 14:31:48,28, 7
Mon May 30 2016 14:31:48,28, 7
Mon May 30 2016 14:31:48,28, 7
Mon May 30 2016 14:31:48,28, 7
Mon May 30 2016 14:31:48,28, 7
Mon May 30 2016 14:31:48,28, 7
Mon May 30 2016 14:31:48,28, 7
Mon May 30 2016 14:31:48,28, 7
Mon May 30 2016 14:31:48,28, 7
Mon May 30 2016 14:31:49,29, 7
Mon May 30 2016 14:31:49,28, 7
Mon May 30 2016 14:31:49,28, 7
Mon May 30 2016 14:31:49,28, 7
Mon May 30 2016 14:31:49,28, 7
Mon May 30 2016 14:31:49,28, 7
Mon May 30 2016 14:31:50,28, 7
Mon May 30 2016 14:31:50,29, 7
Mon May 30 2016 14:31:50,29, 7
Mon May 30 2016 14:31:50,29, 7
Mon May 30 2016 14:31:50,29, 7
Mon May 30 2016 14:31:50,29, 7
Mon May 30 2016 14:31:50,29, 7
Mon May 30 2016 14:31:50,29, 7
Mon May 30 2016 14:31:50,29, 7
Mon May 30 2016 14:31:50,29, 7
Mon May 30 2016 14:31:50,29, 7
Mon May 30 2016 14:31:52,29, 71.07
Mon May 30 2016 14:31:52,29, 71.07
Mon May 30 2016 14:31:52,29, 70.99
Mon May 30 2016 14:31:59,29, 71.07
Mon May 30 2016 14:31:59,29, 71.07
Mon May 30 2016 14:31:59,29, 71.07
Mon May 30 2016 14:31:59,29, 71.07
Mon May 30 2016 14:31:59,29, 71.07
Mon May 30 2016 14:31:59,29, 70.99
Mon May 30 2016 14:31:59,29, 70.07
Mon May 30 2016 14:31:59,29, 71.07
Mon May 30 2016 14:31:59,29, 71.07
Mon May 30 2016 14:31:59,29, 71.07
Mon May 30 2016 14:32:00,29, 71.07
Mon May 30 2016 14:32:00,29, 71.07
Mon May 30 2016 14:32:00,29, 71.07
Mon May 30 2016 14:32:00,29, 71.07
Mon May 30 2016 14:32:00,29, 71.07
Mon May 30 2016 14:32:00,29, 71.07
Mon May 30 2016 14:32:00,29, 71.07
Mon May 30 2016 14:32:00,29, 71.07
Mon May 30 2016 14:32:00,29, 71.07
Mon May 30 2016 14:32:00,29, 71.07
Mon May 30 2016 14:32:00,29, 71.07
Mon May 30 2016 14:32:00,29, 71.07
Mon May 30 2016 14:32:01,29, 71.07
Mon May 30 2016 14:32:01,29, 71.07
Mon May 30 2016 14:32:01,29, 71.07
Mon May 30 2016 14:32:01,29, 71.07
Mon May 30 2016 14:32:01,29, 71.07
Mon May 30 2016 14:32:01,29, 70.99
Mon May 30 2016 14:32:01,29, 71.07
Mon May 30 2016 14:32:01,29, 70.99
Mon May 30 2016 14:32:01,29, 71.07
Mon May 30 2016 14:32:01,29, 71.07
Mon May 30 2016 14:32:01,29, 71.07
Mon May 30 2016 14:32:01,29, 71.07
Mon May 30 2016 14:32:02,29, 70.99
Mon May 30 2016 14:32:02,29, 71.07
Mon May 30 2016 14:32:02,29, 71.07
Mon May 30 2016 14:32:02,29, 71.07
Mon May 30 2016 14:32:02,29, 71.07
Mon May 30 2016 14:32:02,29, 71.07
Mon May 30 2016 14:32:02,29, 71.07
Mon May 30 2016 14:32:02,29, 71.07
Mon May 30 2016 14:32:02,29, 71.07
Mon May 30 2016 14:32:02,29, 71.07
Mon May 30 2016 14:32:02,29, 71.07
Mon May 30 2016 14:32:02,29, 71.07
Mon May 30 2016 14:32:03,29, 71.07
Mon May 30 2016 14:32:03,29, 71.07
